<?xml version="1.0" encoding="UTF-8"?>
<testng-results ignored="0" total="4" passed="4" failed="0" skipped="0">
  <reporter-output>
  </reporter-output>
  <suite started-at="2026-02-06T19:32:11 IST" name="Default suite" finished-at="2026-02-06T19:32:21 IST" duration-ms="10000">
    <groups>
    </groups>
    <test started-at="2026-02-06T19:32:11 IST" name="Default test" finished-at="2026-02-06T19:32:21 IST" duration-ms="10000">
      <class name="testScripts.LoginTests">
        <test-method is-config="true" signature="BeforeMethod()[pri:0, instance:testScripts.LoginTests@5bf0d49]" started-at="2026-02-06T19:32:11 IST" name="BeforeMethod" finished-at="2026-02-06T19:32:13 IST" duration-ms="2047" status="PASS">
          <reporter-output>
          </reporter-output>
        </test-method> <!-- BeforeMethod -->
        <test-method signature="verifyUserLoginWithInvalidUsernameAndValidPassword()[pri:0, instance:testScripts.LoginTests@5bf0d49]" started-at="2026-02-06T19:32:13 IST" name="verifyUserLoginWithInvalidUsernameAndValidPassword" finished-at="2026-02-06T19:32:14 IST" duration-ms="440" status="PASS">
          <reporter-output>
          </reporter-output>
        </test-method> <!-- verifyUserLoginWithInvalidUsernameAndValidPassword -->
        <test-method is-config="true" signature="AfterMethod()[pri:0, instance:testScripts.LoginTests@5bf0d49]" started-at="2026-02-06T19:32:14 IST" name="AfterMethod" finished-at="2026-02-06T19:32:14 IST" duration-ms="307" status="PASS">
          <reporter-output>
          </reporter-output>
        </test-method> <!-- AfterMethod -->
        <test-method is-config="true" signature="BeforeMethod()[pri:0, instance:testScripts.LoginTests@5bf0d49]" started-at="2026-02-06T19:32:14 IST" name="BeforeMethod" finished-at="2026-02-06T19:32:15 IST" duration-ms="1300" status="PASS">
          <reporter-output>
          </reporter-output>
        </test-method> <!-- BeforeMethod -->
        <test-method signature="verifyUserLoginWithValidCredentials()[pri:0, instance:testScripts.LoginTests@5bf0d49]" started-at="2026-02-06T19:32:15 IST" name="verifyUserLoginWithValidCredentials" finished-at="2026-02-06T19:32:17 IST" duration-ms="1348" status="PASS">
          <reporter-output>
          </reporter-output>
        </test-method> <!-- verifyUserLoginWithValidCredentials -->
        <test-method is-config="true" signature="AfterMethod()[pri:0, instance:testScripts.LoginTests@5bf0d49]" started-at="2026-02-06T19:32:17 IST" name="AfterMethod" finished-at="2026-02-06T19:32:17 IST" duration-ms="293" status="PASS">
          <reporter-output>
          </reporter-output>
        </test-method> <!-- AfterMethod -->
        <test-method is-config="true" signature="BeforeMethod()[pri:0, instance:testScripts.LoginTests@5bf0d49]" started-at="2026-02-06T19:32:17 IST" name="BeforeMethod" finished-at="2026-02-06T19:32:18 IST" duration-ms="1339" status="PASS">
          <reporter-output>
          </reporter-output>
        </test-method> <!-- BeforeMethod -->
        <test-method signature="verifyUserLoginWithValidUsernameAndInvalidPassword()[pri:0, instance:testScripts.LoginTests@5bf0d49]" started-at="2026-02-06T19:32:18 IST" name="verifyUserLoginWithValidUsernameAndInvalidPassword" finished-at="2026-02-06T19:32:19 IST" duration-ms="420" status="PASS">
          <reporter-output>
          </reporter-output>
        </test-method> <!-- verifyUserLoginWithValidUsernameAndInvalidPassword -->
        <test-method is-config="true" signature="AfterMethod()[pri:0, instance:testScripts.LoginTests@5bf0d49]" started-at="2026-02-06T19:32:19 IST" name="AfterMethod" finished-at="2026-02-06T19:32:19 IST" duration-ms="341" status="PASS">
          <reporter-output>
          </reporter-output>
        </test-method> <!-- AfterMethod -->
        <test-method is-config="true" signature="BeforeMethod()[pri:0, instance:testScripts.LoginTests@5bf0d49]" started-at="2026-02-06T19:32:19 IST" name="BeforeMethod" finished-at="2026-02-06T19:32:21 IST" duration-ms="1385" status="PASS">
          <reporter-output>
          </reporter-output>
        </test-method> <!-- BeforeMethod -->
        <test-method signature="verifyUserloginWithInvalidCredentials()[pri:0, instance:testScripts.LoginTests@5bf0d49]" started-at="2026-02-06T19:32:21 IST" name="verifyUserloginWithInvalidCredentials" finished-at="2026-02-06T19:32:21 IST" duration-ms="406" status="PASS">
          <reporter-output>
          </reporter-output>
        </test-method> <!-- verifyUserloginWithInvalidCredentials -->
        <test-method is-config="true" signature="AfterMethod()[pri:0, instance:testScripts.LoginTests@5bf0d49]" started-at="2026-02-06T19:32:21 IST" name="AfterMethod" finished-at="2026-02-06T19:32:21 IST" duration-ms="308" status="PASS">
          <reporter-output>
          </reporter-output>
        </test-method> <!-- AfterMethod -->
      </class> <!-- testScripts.LoginTests -->
    </test> <!-- Default test -->
  </suite> <!-- Default suite -->
</testng-results>
