<?xml version="1.0" encoding="UTF-8"?>
<!-- Generated by org.testng.reporters.JUnitXMLReporter -->
<testsuite ignored="0" hostname="LAPTOP-AGS6EJN2" failures="0" tests="4" name="Default test" time="10.0" errors="0" timestamp="2026-02-06T19:32:21 IST">
  <testcase classname="testScripts.LoginTests" name="verifyUserLoginWithInvalidUsernameAndValidPassword" time="0.44"/>
  <testcase classname="testScripts.LoginTests" name="verifyUserLoginWithValidCredentials" time="1.348"/>
  <testcase classname="testScripts.LoginTests" name="verifyUserLoginWithValidUsernameAndInvalidPassword" time="0.42"/>
  <testcase classname="testScripts.LoginTests" name="verifyUserloginWithInvalidCredentials" time="0.406"/>
</testsuite> <!-- Default test -->
