<?xml version="1.0" encoding="UTF-8"?>
<!-- Generated by org.testng.reporters.JUnitReportReporter -->
<testsuite hostname="LAPTOP-AGS6EJN2" failures="0" tests="4" name="testScripts.LoginTests" time="9.934" errors="0" timestamp="2026-02-06T19:32:21 IST" skipped="0">
  <testcase classname="testScripts.LoginTests" name="verifyUserloginWithInvalidCredentials" time="2.038"/>
  <testcase classname="testScripts.LoginTests" name="verifyUserLoginWithValidUsernameAndInvalidPassword" time="2.146"/>
  <testcase classname="testScripts.LoginTests" name="verifyUserLoginWithValidCredentials" time="3.703"/>
  <testcase classname="testScripts.LoginTests" name="verifyUserLoginWithInvalidUsernameAndValidPassword" time="2.047"/>
</testsuite> <!-- testScripts.LoginTests -->
